<?xml version="1.0" encoding="UTF-8" ?>
<testsuite tests="2" failures="1" name="controllers.ApiControllerDocTesterTest" time="1.866" errors="0" skipped="0">
  <properties>
[...]
</properties>
  <testcase classname="controllers.ApiControllerDocTesterTest" name="testGetIndex" time="1.386">
    <failure message="
Expected: a string containing &quot;Hello World!&quot;
     but: was &quot;&lt;html&gt;
    &lt;head&gt;
        &lt;title&gt;Oops. That&apos;s an internal server error and all we know.&lt;/title&gt;
        &lt;style type=&quot;text/css&quot;&gt;
            .error-code {
                font-family: &quot;Times New Roman&quot;, Times, serif;
                margin-top: 5%;
                width: 50%;
                border: 15px solid black;
                padding: 50px;
            }
            .centered {
                margin-left: auto;
                margin-right: auto;
            }
            .error-code__smiley {
                font-family: &quot;Times New Roman&quot;, Times, serif;
                text-align:center; 
                font-size: 120pt;
                margin-bottom: 60px;
            }
            .error-code__text {
                font-family: &quot;Times New Roman&quot;, Times, serif;
                text-align:center; 
                font-size: 18pt;
                padding-bottom: 10px;
            }
            .error-code__link {
                font-family: &quot;Times New Roman&quot;, Times, serif;
                color: black;
                text-decoration: none;
                text-decoration: underline;
            }
        &lt;/style&gt;
    &lt;/head&gt;
    &lt;body&gt;
        &lt;div class=&quot;error-code centered&quot;&gt;
            &lt;div class=&quot;error-code__smiley&quot;&gt;:(&lt;/div&gt;
            &lt;div class=&quot;error-code__text&quot;&gt;Oops. That&apos;s an internal server error and all we know.&lt;/div&gt;
            &lt;div class=&quot;error-code__text&quot;&gt;&lt;a class=&quot;error-code__link&quot; href=&quot;/&quot;&gt;Back to homepage&lt;/a&gt;&lt;/div&gt;
        &lt;/div&gt;
    &lt;/body&gt;
&lt;/html&gt;&quot;" type="java.lang.AssertionError">java.lang.AssertionError: 
Expected: a string containing &quot;Hello World!&quot;
     but: was &quot;&lt;html&gt;
    &lt;head&gt;
        &lt;title&gt;Oops. That&apos;s an internal server error and all we know.&lt;/title&gt;
        &lt;style type=&quot;text/css&quot;&gt;
            .error-code {
                font-family: &quot;Times New Roman&quot;, Times, serif;
                margin-top: 5%;
                width: 50%;
                border: 15px solid black;
                padding: 50px;
            }
            .centered {
                margin-left: auto;
                margin-right: auto;
            }
            .error-code__smiley {
                font-family: &quot;Times New Roman&quot;, Times, serif;
                text-align:center; 
                font-size: 120pt;
                margin-bottom: 60px;
            }
            .error-code__text {
                font-family: &quot;Times New Roman&quot;, Times, serif;
                text-align:center; 
                font-size: 18pt;
                padding-bottom: 10px;
            }
            .error-code__link {
                font-family: &quot;Times New Roman&quot;, Times, serif;
                color: black;
                text-decoration: none;
                text-decoration: underline;
            }
        &lt;/style&gt;
    &lt;/head&gt;
    &lt;body&gt;
        &lt;div class=&quot;error-code centered&quot;&gt;
            &lt;div class=&quot;error-code__smiley&quot;&gt;:(&lt;/div&gt;
            &lt;div class=&quot;error-code__text&quot;&gt;Oops. That&apos;s an internal server error and all we know.&lt;/div&gt;
            &lt;div class=&quot;error-code__text&quot;&gt;&lt;a class=&quot;error-code__link&quot; href=&quot;/&quot;&gt;Back to homepage&lt;/a&gt;&lt;/div&gt;
        &lt;/div&gt;
    &lt;/body&gt;
&lt;/html&gt;&quot;
	at org.hamcrest.MatcherAssert.assertThat(MatcherAssert.java:20)
	at org.junit.Assert.assertThat(Assert.java:865)
	at org.junit.Assert.assertThat(Assert.java:832)
	at controllers.ApiControllerDocTesterTest.testGetIndex(ApiControllerDocTesterTest.java:41)
	at sun.reflect.NativeMethodAccessorImpl.invoke0(Native Method)
	at sun.reflect.NativeMethodAccessorImpl.invoke(NativeMethodAccessorImpl.java:62)
	at sun.reflect.DelegatingMethodAccessorImpl.invoke(DelegatingMethodAccessorImpl.java:43)
	at java.lang.reflect.Method.invoke(Method.java:497)
	at org.junit.runners.model.FrameworkMethod$1.runReflectiveCall(FrameworkMethod.java:47)
	at org.junit.internal.runners.model.ReflectiveCallable.run(ReflectiveCallable.java:12)
	at org.junit.runners.model.FrameworkMethod.invokeExplosively(FrameworkMethod.java:44)
	at org.junit.internal.runners.statements.InvokeMethod.evaluate(InvokeMethod.java:17)
	at org.junit.internal.runners.statements.RunBefores.evaluate(RunBefores.java:26)
	at org.junit.internal.runners.statements.RunAfters.evaluate(RunAfters.java:27)
	at org.junit.rules.TestWatcher$1.evaluate(TestWatcher.java:55)
	at org.junit.rules.RunRules.evaluate(RunRules.java:20)
	at org.junit.runners.ParentRunner.runLeaf(ParentRunner.java:271)
	at org.junit.runners.BlockJUnit4ClassRunner.runChild(BlockJUnit4ClassRunner.java:70)
	at org.junit.runners.BlockJUnit4ClassRunner.runChild(BlockJUnit4ClassRunner.java:50)
	at org.junit.runners.ParentRunner$3.run(ParentRunner.java:238)
	at org.junit.runners.ParentRunner$1.schedule(ParentRunner.java:63)
	at org.junit.runners.ParentRunner.runChildren(ParentRunner.java:236)
	at org.junit.runners.ParentRunner.access$000(ParentRunner.java:53)
	at org.junit.runners.ParentRunner$2.evaluate(ParentRunner.java:229)
	at org.junit.internal.runners.statements.RunAfters.evaluate(RunAfters.java:27)
	at org.junit.runners.ParentRunner.run(ParentRunner.java:309)
	at org.apache.maven.surefire.junit4.JUnit4TestSet.execute(JUnit4TestSet.java:53)
	at org.apache.maven.surefire.junit4.JUnit4Provider.executeTestSet(JUnit4Provider.java:123)
	at org.apache.maven.surefire.junit4.JUnit4Provider.invoke(JUnit4Provider.java:104)
	at sun.reflect.NativeMethodAccessorImpl.invoke0(Native Method)
	at sun.reflect.NativeMethodAccessorImpl.invoke(NativeMethodAccessorImpl.java:62)
	at sun.reflect.DelegatingMethodAccessorImpl.invoke(DelegatingMethodAccessorImpl.java:43)
	at java.lang.reflect.Method.invoke(Method.java:497)
	at org.apache.maven.surefire.util.ReflectionUtils.invokeMethodWithArray(ReflectionUtils.java:164)
	at org.apache.maven.surefire.booter.ProviderFactory$ProviderProxy.invoke(ProviderFactory.java:110)
	at org.apache.maven.surefire.booter.SurefireStarter.invokeProvider(SurefireStarter.java:175)
	at org.apache.maven.surefire.booter.SurefireStarter.runSuitesInProcessWhenForked(SurefireStarter.java:107)
	at org.apache.maven.surefire.booter.ForkedBooter.main(ForkedBooter.java:68)
</failure>
    <system-out>13:06:52.527 [main] INFO  org.eclipse.jetty.util.log - Logging initialized @636ms
13:06:52.619 [main] INFO  org.eclipse.jetty.server.Server - jetty-9.2.10.v20150310
13:06:52.649 [main] INFO  ninja.servlet.NinjaBootstrap - Successfully configured Logback.
13:06:53.229 [main] INFO  ninja.utils.SwissKnife - Could not load file conf/messages_en.properties (not a bad thing necessarily, but I am returing null)
13:06:53.229 [main] INFO  ninja.i18n.MessagesImpl - Did not find conf/messages_en.properties but it was specified in application.conf. Using default language instead.
13:06:53.302 [main] INFO  n.template.TemplateEngineManagerImpl - ------------------------------------------------------------------------
13:06:53.302 [main] INFO  n.template.TemplateEngineManagerImpl - Registered response template engines
13:06:53.302 [main] INFO  n.template.TemplateEngineManagerImpl - ------------------------------------------------------------------------
13:06:53.302 [main] INFO  n.template.TemplateEngineManagerImpl - application/javascript  =&gt;  ninja.template.TemplateEngineJsonP
13:06:53.302 [main] INFO  n.template.TemplateEngineManagerImpl - application/json        =&gt;  ninja.template.TemplateEngineJson
13:06:53.302 [main] INFO  n.template.TemplateEngineManagerImpl - application/xml         =&gt;  ninja.template.TemplateEngineXml
13:06:53.302 [main] INFO  n.template.TemplateEngineManagerImpl - text/html               =&gt;  com.fizzed.ninja.rocker.TemplateEngineRocker
13:06:53.302 [main] INFO  n.template.TemplateEngineManagerImpl - text/plain              =&gt;  ninja.template.TemplateEngineText
13:06:53.306 [main] INFO  Ninja - Using default eh cache implementation. (class ninja.cache.CacheEhCacheImpl) 
13:06:53.403 [main] INFO  n.b.BodyParserEngineManagerImpl - ----------------------------------------------------------------------------
13:06:53.403 [main] INFO  n.b.BodyParserEngineManagerImpl - Registered request bodyparser engines
13:06:53.403 [main] INFO  n.b.BodyParserEngineManagerImpl - ----------------------------------------------------------------------------
13:06:53.403 [main] INFO  n.b.BodyParserEngineManagerImpl - application/json                   =&gt;  ninja.bodyparser.BodyParserEngineJson
13:06:53.403 [main] INFO  n.b.BodyParserEngineManagerImpl - application/x-www-form-urlencoded  =&gt;  ninja.bodyparser.BodyParserEnginePost
13:06:53.403 [main] INFO  n.b.BodyParserEngineManagerImpl - application/xml                    =&gt;  ninja.bodyparser.BodyParserEngineXml
13:06:53.417 [main] INFO  ninja.RouterImpl - ------------------------------------------------------------------------------------------
13:06:53.417 [main] INFO  ninja.RouterImpl - Registered routes
13:06:53.417 [main] INFO  ninja.RouterImpl - ------------------------------------------------------------------------------------------
13:06:53.417 [main] INFO  ninja.RouterImpl - GET /                               =&gt;  controllers.ApplicationController.index()
13:06:53.417 [main] INFO  ninja.RouterImpl - GET /hello_world                    =&gt;  controllers.ApplicationController.helloWorld()
13:06:53.417 [main] INFO  ninja.RouterImpl - GET /hello_world.json               =&gt;  controllers.ApplicationController.helloWorldJson()
13:06:53.417 [main] INFO  ninja.RouterImpl - GET /assets/webjars/{fileName: .*}  =&gt;  ninja.AssetsController.serveWebJars()
13:06:53.417 [main] INFO  ninja.RouterImpl - GET /assets/{fileName: .*}          =&gt;  ninja.AssetsController.serveStatic()
13:06:53.417 [main] INFO  ninja.RouterImpl - GET /.*                             =&gt;  controllers.ApplicationController.index()
13:06:53.417 [main] INFO  ninja.servlet.NinjaBootstrap - Ninja injector started in 768 ms.
13:06:53.418 [main] INFO  ninja.NinjaDefault - 
 _______  .___ _______        ____.  _____   
 \      \ |   |\      \      |    | /  _  \  
 /   |   \|   |/   |   \     |    |/  /_\  \ 
/    |    \   /    |    \/\__|    /    |    \  http://www.ninjaframework.org
\____|__  /___\____|__  /\________\____|__  /  @ninjaframework
     web\/framework   \/                  \/   5.1.4

13:06:53.418 [main] INFO  ninja.lifecycle.LifecycleServiceImpl - Starting Ninja application...
13:06:53.421 [main] INFO  ninja.lifecycle.LifecycleServiceImpl - Ninja application started in 3ms
13:06:53.423 [main] INFO  o.e.j.server.handler.ContextHandler - Started o.e.j.s.ServletContextHandler@60dce7ea{/,null,AVAILABLE}
13:06:53.444 [main] INFO  o.e.jetty.server.ServerConnector - Started ServerConnector@5c87bfe2{HTTP/1.1}{0.0.0.0:1024}
13:06:53.444 [main] INFO  org.eclipse.jetty.server.Server - Started @1555ms
13:06:53.796 [qtp1386883398-15] ERROR ninja.NinjaDefault - Emitting bad request 500. Something really wrong when calling route: / (class: class controllers.ApplicationController method: public ninja.Result controllers.ApplicationController.index())
java.lang.RuntimeException: Something really fishy. No idea how to handle this request
	at com.fizzed.ninja.rocker.TemplateEngineRocker.invoke(TemplateEngineRocker.java:180) ~[ninja-rocker-module-0.9.0.jar:0.9.0]
	at ninja.utils.ResultHandler.renderWithTemplateEngineOrRaw(ResultHandler.java:116) ~[ninja-core-5.1.4.jar:na]
	at ninja.utils.ResultHandler.handleResult(ResultHandler.java:78) ~[ninja-core-5.1.4.jar:na]
	at ninja.NinjaDefault.onRouteRequest(NinjaDefault.java:102) ~[ninja-core-5.1.4.jar:na]
	at ninja.servlet.NinjaServletDispatcher.service(NinjaServletDispatcher.java:86) [ninja-servlet-5.1.4.jar:na]
	at com.google.inject.servlet.ServletDefinition.doServiceImpl(ServletDefinition.java:287) [guice-servlet-4.0.jar:na]
	at com.google.inject.servlet.ServletDefinition.doService(ServletDefinition.java:277) [guice-servlet-4.0.jar:na]
	at com.google.inject.servlet.ServletDefinition.service(ServletDefinition.java:182) [guice-servlet-4.0.jar:na]
	at com.google.inject.servlet.ManagedServletPipeline.service(ManagedServletPipeline.java:91) [guice-servlet-4.0.jar:na]
	at com.google.inject.servlet.FilterChainInvocation.doFilter(FilterChainInvocation.java:85) [guice-servlet-4.0.jar:na]
	at com.google.inject.servlet.ManagedFilterPipeline.dispatch(ManagedFilterPipeline.java:119) [guice-servlet-4.0.jar:na]
	at com.google.inject.servlet.GuiceFilter$1.call(GuiceFilter.java:133) [guice-servlet-4.0.jar:na]
	at com.google.inject.servlet.GuiceFilter$1.call(GuiceFilter.java:130) [guice-servlet-4.0.jar:na]
	at com.google.inject.servlet.GuiceFilter$Context.call(GuiceFilter.java:203) [guice-servlet-4.0.jar:na]
	at com.google.inject.servlet.GuiceFilter.doFilter(GuiceFilter.java:130) [guice-servlet-4.0.jar:na]
	at org.eclipse.jetty.servlet.ServletHandler$CachedChain.doFilter(ServletHandler.java:1652) [jetty-servlet-9.2.10.v20150310.jar:9.2.10.v20150310]
	at org.eclipse.jetty.servlet.ServletHandler.doHandle(ServletHandler.java:585) [jetty-servlet-9.2.10.v20150310.jar:9.2.10.v20150310]
	at org.eclipse.jetty.server.handler.ContextHandler.doHandle(ContextHandler.java:1127) [jetty-server-9.2.10.v20150310.jar:9.2.10.v20150310]
	at org.eclipse.jetty.servlet.ServletHandler.doScope(ServletHandler.java:515) [jetty-servlet-9.2.10.v20150310.jar:9.2.10.v20150310]
	at org.eclipse.jetty.server.handler.ContextHandler.doScope(ContextHandler.java:1061) [jetty-server-9.2.10.v20150310.jar:9.2.10.v20150310]
	at org.eclipse.jetty.server.handler.ScopedHandler.handle(ScopedHandler.java:141) [jetty-server-9.2.10.v20150310.jar:9.2.10.v20150310]
	at org.eclipse.jetty.server.handler.HandlerWrapper.handle(HandlerWrapper.java:97) [jetty-server-9.2.10.v20150310.jar:9.2.10.v20150310]
	at org.eclipse.jetty.server.Server.handle(Server.java:497) [jetty-server-9.2.10.v20150310.jar:9.2.10.v20150310]
	at org.eclipse.jetty.server.HttpChannel.handle(HttpChannel.java:310) [jetty-server-9.2.10.v20150310.jar:9.2.10.v20150310]
	at org.eclipse.jetty.server.HttpConnection.onFillable(HttpConnection.java:257) [jetty-server-9.2.10.v20150310.jar:9.2.10.v20150310]
	at org.eclipse.jetty.io.AbstractConnection$2.run(AbstractConnection.java:540) [jetty-io-9.2.10.v20150310.jar:9.2.10.v20150310]
	at org.eclipse.jetty.util.thread.QueuedThreadPool.runJob(QueuedThreadPool.java:635) [jetty-util-9.2.10.v20150310.jar:9.2.10.v20150310]
	at org.eclipse.jetty.util.thread.QueuedThreadPool$3.run(QueuedThreadPool.java:555) [jetty-util-9.2.10.v20150310.jar:9.2.10.v20150310]
	at java.lang.Thread.run(Thread.java:745) [na:1.8.0_45]
13:06:53.838 [main] INFO  ninja.lifecycle.LifecycleServiceImpl - Stopping Ninja application...
13:06:53.841 [main] INFO  ninja.lifecycle.LifecycleServiceImpl - Ninja application stopped in 3ms
13:06:53.841 [main] INFO  o.e.j.server.handler.ContextHandler - Stopped o.e.j.s.ServletContextHandler@60dce7ea{/,null,UNAVAILABLE}
13:06:53.846 [main] INFO  o.e.jetty.server.ServerConnector - Stopped ServerConnector@5c87bfe2{HTTP/1.1}{0.0.0.0:1024}
</system-out>
  </testcase>
  <testcase classname="controllers.ApiControllerDocTesterTest" name="testGetHelloWorldJson" time="0.114"/>
</testsuite>